04:26:21.600 | Service is on a new session
07:31:49.471 | Service is on a new session
07:35:37.812 | Login : admin
07:38:21.715 | Fetch data Kecamatan
07:38:21.850 | Fetch data Kelurahan
07:38:25.976 | Fetch daftar agama
07:38:29.988 | Fetch daftar Hubungan
07:38:34.104 | Fetch daftar Hubungan Detail
07:38:53.704 | Login : nancep
07:39:05.353 | Fetch data pendidikan
07:39:05.427 | Fetch daftar agama
07:39:05.454 | Fetch data Kelurahan
07:39:05.526 | Fetch daftar Cacat
07:39:05.537 | Fetch daftar Hubungan Detail
07:39:05.557 | Fetch data pekerjaaan
07:39:37.925 | Fetch daftar Cacat
07:39:37.971 | Fetch daftar Hubungan Detail
07:39:37.956 | Fetch daftar agama
07:39:37.987 | Fetch data Kelurahan
07:39:38.003 | Fetch data pendidikan
07:39:38.018 | Fetch data pekerjaaan
07:41:25.508 | Fetch data pendidikan
07:41:25.520 | Fetch daftar Cacat
07:41:25.558 | Fetch daftar Hubungan Detail
07:41:25.628 | Fetch daftar agama
07:41:25.643 | Fetch data Kelurahan
07:41:25.659 | Fetch data pekerjaaan
07:43:05.117 | Fetch daftar Hubungan Detail
07:43:05.152 | Fetch data pekerjaaan
07:43:05.168 | Fetch data pendidikan
07:43:05.180 | Fetch daftar agama
07:43:05.188 | Fetch daftar Cacat
07:43:05.204 | Fetch data Kelurahan
07:43:35.456 | Fetch daftar Cacat
07:43:35.533 | Fetch data pekerjaaan
07:43:35.540 | Fetch data pendidikan
07:43:35.554 | Fetch daftar Hubungan Detail
07:43:35.569 | Fetch daftar agama
07:43:35.630 | Fetch data Kelurahan
07:46:23.823 | Fetch data pekerjaaan
07:46:23.850 | Fetch daftar Cacat
07:46:23.850 | Fetch daftar agama
07:46:23.857 | Fetch daftar Hubungan Detail
07:46:23.867 | Fetch data pendidikan
07:49:23.056 | Fetch daftar Cacat
07:49:23.096 | Fetch data pekerjaaan
07:49:23.115 | Fetch daftar agama
07:49:23.121 | Fetch daftar Hubungan Detail
07:49:23.154 | Fetch data pendidikan
07:51:38.544 | Fetch daftar Cacat
07:51:38.620 | Fetch daftar Hubungan Detail
07:51:38.638 | Fetch data pekerjaaan
07:51:38.638 | Fetch daftar agama
07:51:38.652 | Fetch data pendidikan
07:55:05.375 | Fetch daftar Hubungan Detail
07:55:05.493 | Fetch daftar agama
07:55:05.528 | Fetch data pekerjaaan
07:55:05.548 | Fetch data pendidikan
07:55:05.569 | Fetch daftar Cacat
07:55:55.832 | Fetch daftar Cacat
07:55:56.682 | Fetch data pendidikan
07:55:56.750 | Fetch daftar agama
07:55:56.765 | Fetch daftar Hubungan Detail
07:55:56.816 | Fetch data pekerjaaan
07:55:56.935 | Fetch daftar Cacat
08:00:20.372 | Fetch data pendidikan
08:00:20.404 | Fetch daftar agama
08:00:20.457 | Fetch data pekerjaaan
08:00:20.461 | Fetch daftar Cacat
08:00:20.474 | Fetch daftar Hubungan Detail
08:00:29.658 | Fetch daftar Cacat
08:00:29.751 | Fetch data pendidikan
08:00:29.752 | Fetch daftar agama
08:00:29.766 | Fetch daftar Hubungan Detail
08:00:29.777 | Fetch data pekerjaaan
08:01:01.809 | Login : nancep
08:01:08.643 | Fetch daftar Cacat
08:01:08.661 | Fetch daftar Hubungan Detail
08:01:08.673 | Fetch data pekerjaaan
08:01:08.699 | Fetch data pendidikan
08:01:08.743 | Fetch daftar agama
08:01:08.759 | Fetch data Kelurahan
08:01:09.641 | Fetch data Kelurahan
08:02:16.799 | Fetch daftar Cacat
08:02:16.820 | Fetch data Kelurahan
08:02:16.874 | Fetch data pendidikan
08:02:16.910 | Fetch data pekerjaaan
08:02:16.936 | Fetch daftar agama
08:02:16.936 | Fetch daftar Hubungan Detail
08:02:49.809 | Fetch daftar Cacat
08:02:49.822 | Fetch data pekerjaaan
08:02:49.828 | Fetch data Kelurahan
08:02:49.839 | Fetch daftar agama
08:02:49.850 | Fetch data pendidikan
08:02:49.864 | Fetch daftar Hubungan Detail
08:02:51.641 | Fetch data Kelurahan
14:25:06.131 | Fetch data pendidikan
14:25:06.112 | Fetch daftar Cacat
14:25:06.128 | Fetch daftar Hubungan Detail
14:25:06.139 | Fetch data pekerjaaan
14:25:06.122 | Fetch daftar agama
14:25:17.768 | Login : nancep
14:25:25.251 | Fetch data KTP
14:25:29.978 | Fetch data KTP
14:25:34.884 | Fetch data KTP
14:25:43.971 | Fetch daftar Cacat
14:25:44.031 | Fetch daftar Hubungan Detail
14:25:44.038 | Fetch daftar agama
14:25:44.039 | Fetch data pekerjaaan
14:25:44.060 | Fetch data pendidikan
14:25:44.054 | Fetch data Kelurahan
14:27:16.533 | Fetch daftar Cacat
14:27:16.543 | Fetch daftar agama
14:27:16.559 | Fetch data Kelurahan
14:27:16.543 | Fetch daftar Hubungan Detail
14:27:16.577 | Fetch data pekerjaaan
14:27:16.579 | Fetch data pendidikan
14:31:21.922 | Fetch data pendidikan
14:31:22.054 | Fetch daftar Hubungan Detail
14:31:22.112 | Fetch daftar Cacat
14:31:22.473 | Fetch daftar agama
14:31:22.482 | Fetch data pekerjaaan
14:31:43.937 | Fetch daftar Cacat
14:31:43.978 | Fetch daftar Hubungan Detail
14:31:44.010 | Fetch data pekerjaaan
14:31:44.017 | Fetch data pendidikan
14:31:44.021 | Fetch daftar agama
14:32:38.150 | Login : nancep
14:32:51.370 | Fetch daftar Biodata
14:32:51.426 | Fetch data Kartu Keluarga Detail
14:32:51.506 | Fetch daftar Akta Nikah Detail
14:32:51.558 | Fetch daftar Biodata
14:33:11.874 | Fetch daftar Cacat
14:33:11.891 | Fetch daftar Hubungan Detail
14:33:11.899 | Fetch daftar agama
14:33:11.911 | Fetch data pendidikan
14:33:11.921 | Fetch data Kelurahan
14:33:11.971 | Fetch data pekerjaaan
14:34:28.437 | Fetch daftar Biodata
14:34:28.448 | Fetch data Kartu Keluarga Detail
14:34:28.454 | Fetch daftar Akta Nikah Detail
14:34:28.527 | Fetch daftar Biodata
14:34:30.421 | Fetch daftar Hubungan Detail
14:34:30.432 | Fetch data pendidikan
14:34:30.446 | Fetch data pekerjaaan
14:34:30.482 | Fetch daftar agama
14:43:49.814 | Login : nancep
14:43:57.785 | Fetch daftar Cacat
14:43:57.828 | Fetch daftar Hubungan Detail
14:43:57.833 | Fetch daftar agama
14:43:57.877 | Fetch data pekerjaaan
14:43:57.883 | Fetch data pendidikan
14:43:57.899 | Fetch data Kelurahan
14:44:59.715 | Fetch daftar Cacat
14:44:59.761 | Fetch daftar Biodata
14:44:59.823 | Fetch data Kartu Keluarga Detail
14:44:59.826 | Fetch daftar Biodata Cacat
14:44:59.833 | Fetch daftar Akta Nikah Detail
14:45:00.294 | Fetch daftar Hubungan Detail
14:45:00.319 | Fetch daftar Cacat
14:45:00.329 | Fetch data pendidikan
14:45:00.384 | Fetch data Kelurahan
14:45:00.390 | Fetch daftar agama
14:45:00.390 | Fetch data pekerjaaan
14:56:47.157 | Login : nancep
14:57:02.830 | Fetch daftar Cacat
14:57:03.021 | Fetch daftar Hubungan Detail
14:57:03.056 | Fetch data Kelurahan
14:57:03.093 | Fetch data pendidikan
14:57:03.118 | Fetch daftar agama
14:57:03.141 | Fetch data pekerjaaan
14:59:36.059 | Login : nancep
14:59:44.423 | Fetch daftar Biodata
14:59:44.441 | Fetch data Kartu Keluarga Detail
14:59:44.452 | Fetch daftar Akta Nikah Detail
14:59:44.552 | Fetch daftar Biodata
14:59:49.568 | Fetch daftar Hubungan Detail
14:59:49.632 | Fetch data pendidikan
14:59:49.643 | Fetch data Kelurahan
14:59:49.653 | Fetch daftar agama
14:59:49.660 | Fetch daftar Cacat
14:59:49.669 | Fetch data pekerjaaan
15:01:00.945 | Fetch daftar Cacat
15:01:00.975 | Fetch daftar Hubungan Detail
15:01:01.042 | Fetch data Kelurahan
15:01:01.053 | Fetch daftar agama
15:01:01.081 | Fetch data pendidikan
15:01:01.097 | Fetch data pekerjaaan
15:05:29.124 | Fetch daftar Cacat
15:05:29.160 | Fetch daftar agama
15:05:29.153 | Fetch daftar Hubungan Detail
15:05:29.169 | Fetch data Kelurahan
15:05:29.181 | Fetch data pekerjaaan
15:05:29.138 | Fetch data pendidikan
15:05:57.950 | Fetch daftar Cacat
15:05:58.036 | Fetch data pekerjaaan
15:05:58.042 | Fetch daftar agama
15:05:58.052 | Fetch data Kelurahan
15:05:57.996 | Fetch daftar Hubungan Detail
15:05:58.017 | Fetch data pendidikan
15:27:13.193 | Login : nancep
15:27:22.806 | Fetch daftar Cacat
15:27:22.886 | Fetch data Kelurahan
15:27:22.893 | Fetch data pekerjaaan
15:27:22.939 | Fetch data pendidikan
15:27:22.951 | Fetch daftar agama
15:27:22.966 | Fetch daftar Hubungan Detail
15:28:17.937 | Fetch daftar Cacat
15:28:17.955 | Fetch daftar Hubungan Detail
15:28:17.958 | Fetch data pendidikan
15:28:17.938 | Fetch data pekerjaaan
15:28:18.130 | Fetch data Kelurahan
15:28:18.136 | Fetch daftar agama
15:29:37.179 | Fetch daftar Cacat
15:29:37.299 | Fetch data pendidikan
15:29:37.302 | Fetch daftar Hubungan Detail
15:29:37.351 | Fetch data pekerjaaan
15:29:37.384 | Fetch daftar agama
15:41:05.341 | Login : nancep
15:41:11.546 | Fetch daftar Cacat
15:41:11.579 | Fetch daftar agama
15:41:11.589 | Fetch data pendidikan
15:41:11.700 | Fetch daftar Hubungan Detail
15:41:11.746 | Fetch data pekerjaaan
15:41:11.727 | Fetch data Kelurahan
15:41:18.896 | Fetch daftar Cacat
15:41:18.900 | Fetch daftar Hubungan Detail
15:41:19.014 | Fetch daftar agama
15:41:19.025 | Fetch data pendidikan
15:41:19.024 | Fetch data pekerjaaan
15:41:19.034 | Fetch data Kelurahan
19:16:15.137 | Service is on a new session
19:23:50.540 | Login : admin
19:23:50.547 | Login : admin
19:24:45.243 | Login : admin
19:34:25.046 | Service is on a new session
19:49:39.684 | Service is on a new session
20:23:04.818 | Service is on a new session
22:16:26.657 | Login : admin
22:16:37.156 | Fetch daftar Grup
22:16:37.208 | Fetch data Kecamatan
22:16:37.320 | Fetch data Kelurahan
22:16:40.431 | Fetch data kota
22:16:53.026 | Tambah Kota : Semarang
22:16:53.068 | Fetch data kota
22:16:55.060 | Fetch data kota
22:17:11.515 | Service is on a new session
22:17:22.965 | Login : beni
22:17:31.612 | Login : beni
22:17:43.770 | Login : beni
22:17:45.103 | Login : beni
22:18:05.603 | Service is on a new session
22:18:14.215 | Login : beni
22:18:53.965 | Login : beni
22:19:07.374 | Login : beni
22:19:08.469 | Login : beni
22:19:33.286 | Login : beni
22:20:34.252 | Service is on a new session
22:20:45.953 | Login : beni
22:22:29.071 | Service is on a new session
22:22:36.519 | Login : beni
22:23:21.538 | Service is on a new session
22:23:43.914 | Login : beni
22:24:48.212 | Service is on a new session
22:24:53.828 | Login : beni
22:26:09.897 | Service is on a new session
22:26:20.925 | Login : beni
22:28:19.596 | Service is on a new session
22:28:33.015 | Login : beni
22:29:18.822 | Service is on a new session
22:29:27.062 | Login : beni
22:30:06.606 | Service is on a new session
22:30:11.256 | Login : beni
22:30:34.482 | Service is on a new session
22:30:42.489 | Login : beni
22:34:35.571 | Service is on a new session
22:34:43.795 | Login : beni
22:37:47.574 | Service is on a new session
22:38:00.211 | Login : beni
22:49:09.625 | Service is on a new session
22:56:55.860 | Service is on a new session
22:57:55.095 | Login : beni
23:06:41.234 | Service is on a new session
23:07:04.306 | Login : beni
23:07:07.721 | Login : beni
23:17:01.039 | Service is on a new session
23:17:25.114 | Login : beni
23:18:33.386 | Login : beni
23:19:14.153 | Service is on a new session
23:19:23.006 | Login : beni
23:20:18.843 | Service is on a new session
23:20:29.984 | Login : beni
23:22:18.978 | Service is on a new session
23:22:38.913 | Login : beni
23:24:48.538 | Service is on a new session
23:27:44.427 | Login : beni
23:31:06.205 | Service is on a new session
23:34:02.700 | Service is on a new session
