00:03:28.949 | Service is on a new session
00:04:42.668 | Login : beni
00:05:23.613 | Login : beni
00:10:24.377 | Service is on a new session
00:12:12.618 | Service is on a new session
00:14:27.480 | Login : beni
00:15:58.875 | Service is on a new session
00:20:27.576 | Service is on a new session
00:20:32.548 | Fetch daftar Biodata
00:21:11.734 | Fetch daftar Biodata
00:21:11.891 | Fetch data KTP
00:22:28.258 | Fetch daftar Biodata
00:22:28.376 | Fetch data KTP
00:22:28.608 | Fetch daftar Biodata Pindah
00:23:44.436 | Fetch daftar Biodata
00:23:44.532 | Fetch data KTP
00:24:10.745 | Fetch daftar Biodata
00:24:10.855 | Fetch data KTP
00:25:21.986 | Service is on a new session
00:25:30.026 | Fetch daftar Biodata
00:25:30.255 | Fetch data KTP
00:33:16.942 | Service is on a new session
00:33:31.568 | Fetch daftar Biodata
00:33:31.875 | Fetch data KTP
00:33:32.341 | Login : bendol
00:34:44.168 | Service is on a new session
00:34:55.609 | Login : bendol
00:34:57.475 | Fetch data KTP
00:34:58.407 | Fetch daftar Biodata
00:37:59.370 | Service is on a new session
00:38:03.416 | Fetch data KTP
00:38:03.563 | Fetch daftar Biodata
01:31:21.815 | Service is on a new session
01:40:23.159 | Login : beni
01:51:20.526 | Service is on a new session
02:10:17.519 | Login : beni
02:14:26.493 | Login : bendol
02:14:49.702 | Fetch data KTP
02:15:11.669 | Fetch daftar Biodata
02:43:30.126 | Service is on a new session
02:49:46.840 | Login : beni
02:49:47.412 | Login : bendol
02:49:49.496 | Fetch data KTP
02:49:51.020 | Fetch daftar Biodata
03:19:47.165 | Service is on a new session
03:27:38.392 | Service is on a new session
03:28:02.766 | Fetch daftar Hubungan Detail
03:28:02.772 | Fetch data pekerjaaan
03:28:02.894 | Fetch data Kelurahan
03:28:02.817 | Fetch data Kelurahan
03:28:02.807 | Fetch daftar agama
03:28:02.808 | Fetch data pendidikan
03:28:02.828 | Fetch daftar Cacat
03:28:13.609 | Fetch daftar Biodata
03:28:13.680 | Fetch data Kartu Keluarga Detail
03:28:13.773 | Fetch daftar Akta Nikah Detail
03:28:13.875 | Fetch daftar Biodata
03:28:20.578 | Fetch daftar Biodata
03:28:20.590 | Fetch data Kartu Keluarga Detail
03:28:20.596 | Fetch daftar Akta Nikah Detail
03:28:20.650 | Fetch daftar Biodata
03:28:26.886 | Fetch daftar Hubungan Detail
03:28:26.905 | Fetch daftar Cacat
03:28:26.905 | Fetch data pendidikan
03:28:26.933 | Fetch data pekerjaaan
03:28:26.950 | Fetch data Kelurahan
03:28:26.992 | Fetch daftar agama
03:28:28.514 | Fetch data Kelurahan
03:28:44.660 | Fetch daftar agama
03:28:46.232 | Fetch daftar Hubungan Detail
03:28:47.757 | Fetch data pendidikan
03:28:51.204 | Fetch data pekerjaaan
03:29:21.197 | Tambah Biodata : 3373330308120001
03:29:30.041 | Fetch daftar Biodata
03:29:30.057 | Fetch data Kartu Keluarga Detail
03:29:30.065 | Fetch daftar Akta Nikah Detail
03:29:30.206 | Fetch daftar Biodata
03:29:30.251 | Fetch daftar Biodata
